<?xml version="1.0" encoding="utf-8"?><testsuites name="pytest tests"><testsuite name="pytest" errors="0" failures="0" skipped="0" tests="21" time="8.995" timestamp="2026-04-07T08:06:26.954633+00:00" hostname="agent-env-73a89cd1-84ae-48ff-aa04-fbb5166db3e3"><testcase classname="tests.test_billing_payments.TestBillingInfoEndpoint" name="test_billing_info_returns_subscription_data" time="0.678" /><testcase classname="tests.test_billing_payments.TestBillingInfoEndpoint" name="test_billing_info_requires_auth" time="0.104" /><testcase classname="tests.test_billing_payments.TestCheckoutEndpoint" name="test_checkout_endpoint_accepts_pro_monthly" time="0.773" /><testcase classname="tests.test_billing_payments.TestCheckoutEndpoint" name="test_checkout_endpoint_accepts_pro_yearly" time="0.593" /><testcase classname="tests.test_billing_payments.TestCheckoutEndpoint" name="test_checkout_endpoint_accepts_elite_monthly" time="0.588" /><testcase classname="tests.test_billing_payments.TestCheckoutEndpoint" name="test_checkout_endpoint_accepts_elite_yearly" time="0.584" /><testcase classname="tests.test_billing_payments.TestCheckoutEndpoint" name="test_checkout_rejects_free_plan" time="0.560" /><testcase classname="tests.test_billing_payments.TestCheckoutEndpoint" name="test_checkout_rejects_invalid_plan" time="0.567" /><testcase classname="tests.test_billing_payments.TestCheckoutEndpoint" name="test_checkout_requires_auth" time="0.107" /><testcase classname="tests.test_billing_payments.TestTelegramLinkEndpoint" name="test_generate_link_code_returns_code" time="0.580" /><testcase classname="tests.test_billing_payments.TestTelegramLinkEndpoint" name="test_generate_link_code_requires_auth" time="0.099" /><testcase classname="tests.test_billing_payments.TestTelegramLinkEndpoint" name="test_get_linked_telegram_status" time="0.573" /><testcase classname="tests.test_billing_payments.TestAccessControlEndpoints" name="test_check_feature_access" time="0.544" /><testcase classname="tests.test_billing_payments.TestAccessControlEndpoints" name="test_check_signal_limit" time="0.549" /><testcase classname="tests.test_billing_payments.TestAccessControlEndpoints" name="test_access_check_requires_auth" time="0.095" /><testcase classname="tests.test_billing_payments.TestBillingCancelEndpoint" name="test_cancel_subscription_free_user_fails" time="0.539" /><testcase classname="tests.test_billing_payments.TestBillingCancelEndpoint" name="test_cancel_requires_auth" time="0.097" /><testcase classname="tests.test_billing_payments.TestBillingChangePlanEndpoint" name="test_change_plan_to_free" time="0.555" /><testcase classname="tests.test_billing_payments.TestBillingChangePlanEndpoint" name="test_change_plan_invalid_plan_fails" time="0.546" /><testcase classname="tests.test_billing_payments.TestBillingChangePlanEndpoint" name="test_change_plan_requires_auth" time="0.094" /><testcase classname="tests.test_billing_payments.TestSubscriptionPlansWithPricing" name="test_plans_have_correct_monthly_prices" time="0.100" /></testsuite></testsuites>