<?xml version="1.0" encoding="utf-8"?><testsuites name="pytest tests"><testsuite name="pytest" errors="0" failures="0" skipped="0" tests="22" time="9.563" timestamp="2026-03-20T20:16:12.198235+00:00" hostname="agent-env-2a754a9c-e876-44a7-9c08-04ba246389b4"><testcase classname="backend.tests.test_api.TestAPIRoot" name="test_api_root_returns_200" time="0.145" /><testcase classname="backend.tests.test_api.TestAuthEndpoints" name="test_register_new_user" time="0.335" /><testcase classname="backend.tests.test_api.TestAuthEndpoints" name="test_register_short_password_fails" time="0.116" /><testcase classname="backend.tests.test_api.TestAuthEndpoints" name="test_login_admin_user" time="0.551" /><testcase classname="backend.tests.test_api.TestAuthEndpoints" name="test_login_wrong_password_fails" time="0.332" /><testcase classname="backend.tests.test_api.TestAuthEndpoints" name="test_get_me_with_token" time="0.378" /><testcase classname="backend.tests.test_api.TestAuthEndpoints" name="test_get_me_without_token_fails" time="0.134" /><testcase classname="backend.tests.test_api.TestSignalGeneratorEndpoints" name="test_get_generator_status" time="0.375" /><testcase classname="backend.tests.test_api.TestSignalGeneratorEndpoints" name="test_start_generator" time="0.399" /><testcase classname="backend.tests.test_api.TestSignalGeneratorEndpoints" name="test_stop_generator" time="0.410" /><testcase classname="backend.tests.test_api.TestStatisticsEndpoints" name="test_get_statistics" time="0.150" /><testcase classname="backend.tests.test_api.TestStatisticsEndpoints" name="test_get_league_statistics" time="0.123" /><testcase classname="backend.tests.test_api.TestStatisticsEndpoints" name="test_get_monthly_statistics" time="0.124" /><testcase classname="backend.tests.test_api.TestStatisticsEndpoints" name="test_get_recent_tips" time="3.258" /><testcase classname="backend.tests.test_api.TestAdminEndpoints" name="test_get_admin_users" time="0.423" /><testcase classname="backend.tests.test_api.TestAdminEndpoints" name="test_get_early_access_registrations" time="0.403" /><testcase classname="backend.tests.test_api.TestAdminEndpoints" name="test_get_telegram_status" time="0.135" /><testcase classname="backend.tests.test_api.TestSubscriptionPlans" name="test_get_plans" time="0.117" /><testcase classname="backend.tests.test_api.TestLiveDataEndpoints" name="test_get_live_matches" time="0.295" /><testcase classname="backend.tests.test_api.TestLiveDataEndpoints" name="test_get_analysis_opportunities" time="0.842" /><testcase classname="backend.tests.test_api.TestContactAndEarlyAccess" name="test_submit_contact_form" time="0.112" /><testcase classname="backend.tests.test_api.TestContactAndEarlyAccess" name="test_submit_early_access" time="0.342" /></testsuite></testsuites>