<?xml version="1.0" encoding="utf-8"?><testsuites name="pytest tests"><testsuite name="pytest" errors="0" failures="0" skipped="0" tests="29" time="12.234" timestamp="2026-03-27T08:56:23.199919+00:00" hostname="agent-env-73a89cd1-84ae-48ff-aa04-fbb5166db3e3"><testcase classname="tests.test_api.TestAPIRoot" name="test_api_root_returns_200" time="0.175" /><testcase classname="tests.test_api.TestAuthEndpoints" name="test_register_new_user" time="0.351" /><testcase classname="tests.test_api.TestAuthEndpoints" name="test_register_short_password_fails" time="0.140" /><testcase classname="tests.test_api.TestAuthEndpoints" name="test_login_admin_user" time="0.356" /><testcase classname="tests.test_api.TestAuthEndpoints" name="test_login_wrong_password_fails" time="0.341" /><testcase classname="tests.test_api.TestAuthEndpoints" name="test_get_me_with_token" time="0.397" /><testcase classname="tests.test_api.TestAuthEndpoints" name="test_get_me_without_token_fails" time="0.135" /><testcase classname="tests.test_api.TestSignalGeneratorEndpoints" name="test_get_generator_status" time="0.391" /><testcase classname="tests.test_api.TestSignalGeneratorEndpoints" name="test_start_generator" time="0.417" /><testcase classname="tests.test_api.TestSignalGeneratorEndpoints" name="test_stop_generator" time="0.399" /><testcase classname="tests.test_api.TestStatisticsEndpoints" name="test_get_statistics" time="0.116" /><testcase classname="tests.test_api.TestStatisticsEndpoints" name="test_get_league_statistics" time="0.124" /><testcase classname="tests.test_api.TestStatisticsEndpoints" name="test_get_monthly_statistics" time="0.124" /><testcase classname="tests.test_api.TestStatisticsEndpoints" name="test_get_recent_tips" time="2.305" /><testcase classname="tests.test_api.TestAdminEndpoints" name="test_get_admin_users" time="0.435" /><testcase classname="tests.test_api.TestAdminEndpoints" name="test_get_early_access_registrations" time="0.391" /><testcase classname="tests.test_api.TestAdminEndpoints" name="test_get_telegram_status" time="0.114" /><testcase classname="tests.test_api.TestSubscriptionPlans" name="test_get_plans" time="0.136" /><testcase classname="tests.test_api.TestLiveDataEndpoints" name="test_get_live_matches" time="0.344" /><testcase classname="tests.test_api.TestLiveDataEndpoints" name="test_get_analysis_opportunities" time="0.864" /><testcase classname="tests.test_api.TestContactAndEarlyAccess" name="test_submit_contact_form" time="0.124" /><testcase classname="tests.test_api.TestContactAndEarlyAccess" name="test_submit_early_access" time="0.404" /><testcase classname="tests.test_api.TestPolymarketEndpoints" name="test_get_polymarket_events" time="0.858" /><testcase classname="tests.test_api.TestPolymarketEndpoints" name="test_polymarket_search" time="0.625" /><testcase classname="tests.test_api.TestPolymarketEndpoints" name="test_polymarket_value_analysis" time="0.395" /><testcase classname="tests.test_api.TestValueAlertsEndpoints" name="test_get_value_alerts" time="0.408" /><testcase classname="tests.test_api.TestValueAlertsEndpoints" name="test_get_value_alerts_stats" time="0.417" /><testcase classname="tests.test_api.TestValueAlertsEndpoints" name="test_scan_for_value_alerts" time="0.414" /><testcase classname="tests.test_api.TestValueAlertsEndpoints" name="test_value_alerts_requires_admin" time="0.452" /></testsuite></testsuites>