<?xml version="1.0" encoding="utf-8"?><testsuites name="pytest tests"><testsuite name="pytest" errors="0" failures="0" skipped="0" tests="19" time="28.923" timestamp="2026-04-08T06:51:08.008246+00:00" hostname="agent-env-73a89cd1-84ae-48ff-aa04-fbb5166db3e3"><testcase classname="backend.tests.test_signal_engine_sofascore.TestHealthCheck" name="test_api_health_returns_ok" time="0.226" /><testcase classname="backend.tests.test_signal_engine_sofascore.TestAuthFlow" name="test_register_new_user" time="0.575" /><testcase classname="backend.tests.test_signal_engine_sofascore.TestAuthFlow" name="test_login_admin_user" time="0.319" /><testcase classname="backend.tests.test_signal_engine_sofascore.TestAuthFlow" name="test_login_invalid_credentials" time="0.097" /><testcase classname="backend.tests.test_signal_engine_sofascore.TestSofaScoreLiveMatches" name="test_sofascore_live_returns_matches" time="1.291" /><testcase classname="backend.tests.test_signal_engine_sofascore.TestSofaScoreLiveMatches" name="test_sofascore_live_match_structure" time="15.408" /><testcase classname="backend.tests.test_signal_engine_sofascore.TestSignalEngineUpcoming" name="test_signals_upcoming_returns_array" time="1.804" /><testcase classname="backend.tests.test_signal_engine_sofascore.TestSignalEngineUpcoming" name="test_signals_upcoming_free_user_limited" time="0.976" /><testcase classname="backend.tests.test_signal_engine_sofascore.TestSignalEngineUpcoming" name="test_signals_upcoming_signal_structure" time="0.600" /><testcase classname="backend.tests.test_signal_engine_sofascore.TestSignalEngineLive" name="test_signals_live_returns_array" time="0.282" /><testcase classname="backend.tests.test_signal_engine_sofascore.TestSignalEngineLive" name="test_signals_live_message_when_empty" time="0.296" /><testcase classname="backend.tests.test_signal_engine_sofascore.TestSignalEngineTournaments" name="test_signals_tournaments_returns_list" time="0.534" /><testcase classname="backend.tests.test_signal_engine_sofascore.TestSignalEngineTournaments" name="test_signals_tournaments_structure" time="0.276" /><testcase classname="backend.tests.test_signal_engine_sofascore.TestMatchDetails" name="test_match_details_without_auth" time="1.695" /><testcase classname="backend.tests.test_signal_engine_sofascore.TestMatchDetails" name="test_match_details_with_premium_auth" time="2.033" /><testcase classname="backend.tests.test_signal_engine_sofascore.TestBillingInfo" name="test_billing_info_requires_auth" time="0.100" /><testcase classname="backend.tests.test_signal_engine_sofascore.TestBillingInfo" name="test_billing_info_with_auth" time="0.442" /><testcase classname="backend.tests.test_signal_engine_sofascore.TestSignalEngineWithAuth" name="test_signals_upcoming_premium_full_access" time="1.295" /><testcase classname="backend.tests.test_signal_engine_sofascore.TestSignalEngineWithAuth" name="test_signals_live_premium_full_access" time="0.624" /></testsuite></testsuites>